13/05/2018 22:07:38 - root - INFO - App started
13/05/2018 22:07:38 - root - INFO - Called function: load
13/05/2018 22:07:38 - root - DEBUG - 
	Self type: <class 'app.database.db.DataBase'>, 
	Args: (), 
	Kwargs: {}
13/05/2018 22:07:38 - root - DEBUG - load returned: <app.model.projectcontainer.ProjectContainer object at 0xb71ea6ac>
13/05/2018 22:07:38 - root - INFO - Called function: get_task_lists
13/05/2018 22:07:38 - root - DEBUG - 
	Self type: <class 'app.app.App'>, 
	Args: (), 
	Kwargs: {}
13/05/2018 22:07:38 - root - DEBUG - get_task_lists returned: [<app.model.tasklist.TaskList object at 0xb710cf4c>, <app.model.tasklist.TaskList object at 0xb710ceec>, <app.model.tasklist.TaskList object at 0xb710cfec>]
13/05/2018 22:07:38 - root - INFO - App is about to finish
13/05/2018 22:07:42 - root - INFO - App started
13/05/2018 22:07:42 - root - INFO - Called function: load
13/05/2018 22:07:42 - root - DEBUG - 
	Self type: <class 'app.database.db.DataBase'>, 
	Args: (), 
	Kwargs: {}
13/05/2018 22:07:42 - root - DEBUG - load returned: <app.model.projectcontainer.ProjectContainer object at 0xb721d6cc>
13/05/2018 22:07:42 - root - INFO - Called function: get_task_lists
13/05/2018 22:07:42 - root - DEBUG - 
	Self type: <class 'app.app.App'>, 
	Args: (), 
	Kwargs: {}
13/05/2018 22:07:42 - root - DEBUG - get_task_lists returned: [<app.model.tasklist.TaskList object at 0xb7140f0c>, <app.model.tasklist.TaskList object at 0xb7140eac>, <app.model.tasklist.TaskList object at 0xb714408c>]
13/05/2018 22:07:42 - root - INFO - App is about to finish
13/05/2018 22:08:05 - root - INFO - App started
13/05/2018 22:08:05 - root - INFO - Called function: load
13/05/2018 22:08:05 - root - DEBUG - 
	Self type: <class 'app.database.db.DataBase'>, 
	Args: (), 
	Kwargs: {}
13/05/2018 22:08:05 - root - DEBUG - load returned: <app.model.projectcontainer.ProjectContainer object at 0xb719a6cc>
13/05/2018 22:08:05 - root - INFO - App is about to finish
13/05/2018 22:08:41 - root - INFO - App started
13/05/2018 22:08:41 - root - INFO - Called function: load
13/05/2018 22:08:41 - root - DEBUG - 
	Self type: <class 'app.database.db.DataBase'>, 
	Args: (), 
	Kwargs: {}
13/05/2018 22:08:41 - root - DEBUG - load returned: <app.model.projectcontainer.ProjectContainer object at 0xb71f26ac>
13/05/2018 22:08:41 - root - INFO - Called function: add_task
13/05/2018 22:08:41 - root - DEBUG - 
	Self type: <class 'app.app.App'>, 
	Args: ('d95e2e24-a12b-44bf-97af-cc5e51acfa31', 'Something to be logged'), 
	Kwargs: {'description': None, 'status': None, 'priority': None}
13/05/2018 22:08:41 - root - INFO - Called function: save
13/05/2018 22:08:41 - root - DEBUG - 
	Self type: <class 'app.database.db.DataBase'>, 
	Args: (<app.model.projectcontainer.ProjectContainer object at 0xb71f26ac>,), 
	Kwargs: {}
13/05/2018 22:08:41 - root - INFO - Called function: save_config
13/05/2018 22:08:41 - root - DEBUG - 
	Self type: <class 'app.database.db.DataBase'>, 
	Args: (), 
	Kwargs: {}
13/05/2018 22:08:41 - root - DEBUG - save_config returned: None
13/05/2018 22:08:41 - root - DEBUG - save returned: None
13/05/2018 22:08:41 - root - DEBUG - add_task returned: None
13/05/2018 22:08:41 - root - INFO - App is about to finish
13/05/2018 22:10:49 - root - INFO - App started
13/05/2018 22:10:49 - root - INFO - Called function: load
13/05/2018 22:10:49 - root - DEBUG - 
	Self type: <class 'app.database.db.DataBase'>, 
	Args: (), 
	Kwargs: {}
13/05/2018 22:10:49 - root - DEBUG - load returned: <app.model.projectcontainer.ProjectContainer object at 0xb72786ac>
13/05/2018 22:10:49 - root - INFO - App is about to finish
13/05/2018 22:10:57 - root - INFO - App started
13/05/2018 22:10:57 - root - INFO - Called function: load
13/05/2018 22:10:57 - root - DEBUG - 
	Self type: <class 'app.database.db.DataBase'>, 
	Args: (), 
	Kwargs: {}
13/05/2018 22:10:57 - root - DEBUG - load returned: <app.model.projectcontainer.ProjectContainer object at 0xb72126cc>
13/05/2018 22:10:57 - root - INFO - Called function: get_tasks
13/05/2018 22:10:57 - root - DEBUG - 
	Self type: <class 'app.app.App'>, 
	Args: ('d95e2e24-a12b-44bf-97af-cc5e51acfa31',), 
	Kwargs: {}
13/05/2018 22:10:57 - root - DEBUG - get_tasks returned: [<app.model.task.Task object at 0xb7133e8c>, <app.model.task.Task object at 0xb713718c>]
13/05/2018 22:10:57 - root - INFO - App is about to finish
14/05/2018 21:27:18 - root - INFO - App started
14/05/2018 21:27:18 - root - INFO - Called function: load
14/05/2018 21:27:18 - root - DEBUG - 
	Self type: <class 'app.database.db.DataBase'>, 
	Args: (), 
	Kwargs: {}
14/05/2018 21:27:18 - root - DEBUG - load returned: <app.model.projectcontainer.ProjectContainer object at 0xb724468c>
14/05/2018 21:27:18 - root - INFO - App is about to finish
14/05/2018 22:26:03 - root - INFO - App started
14/05/2018 22:26:03 - root - INFO - Called function: load_uprs
14/05/2018 22:26:03 - root - DEBUG - 
	Self type: <class 'app.database.db.DataBase'>, 
	Args: (), 
	Kwargs: {}
14/05/2018 22:26:03 - root - DEBUG - load_uprs returned: <app.model.uprscollection.UPRSCollection object at 0xb726ec0c>
14/05/2018 22:26:03 - root - INFO - Called function: load
14/05/2018 22:26:03 - root - DEBUG - 
	Self type: <class 'app.database.db.DataBase'>, 
	Args: (), 
	Kwargs: {}
14/05/2018 22:26:03 - root - DEBUG - load returned: <app.model.projectcontainer.ProjectContainer object at 0xb726ecec>
14/05/2018 22:26:03 - root - INFO - Called function: get_projects_info
14/05/2018 22:26:03 - root - DEBUG - 
	Self type: <class 'app.app.App'>, 
	Args: (), 
	Kwargs: {}
14/05/2018 22:26:03 - root - INFO - Called function: get_config
14/05/2018 22:26:03 - root - DEBUG - 
	Self type: <class 'app.database.db.DataBase'>, 
	Args: (), 
	Kwargs: {}
14/05/2018 22:26:03 - root - DEBUG - get_config returned: <app.database.db.DBConfig object at 0xb719174c>
14/05/2018 22:26:03 - root - DEBUG - get_projects_info returned: None
14/05/2018 22:26:03 - root - INFO - App is about to finish
14/05/2018 22:28:53 - root - INFO - App started
14/05/2018 22:28:53 - root - INFO - Called function: load_uprs
14/05/2018 22:28:53 - root - DEBUG - 
	Self type: <class 'app.database.db.DataBase'>, 
	Args: (), 
	Kwargs: {}
14/05/2018 22:28:53 - root - DEBUG - load_uprs returned: <app.model.uprscollection.UPRSCollection object at 0xb723ac0c>
14/05/2018 22:28:53 - root - INFO - Called function: load
14/05/2018 22:28:53 - root - DEBUG - 
	Self type: <class 'app.database.db.DataBase'>, 
	Args: (), 
	Kwargs: {}
14/05/2018 22:28:53 - root - DEBUG - load returned: <app.model.projectcontainer.ProjectContainer object at 0xb723acec>
14/05/2018 22:28:54 - root - INFO - Called function: get_projects_info
14/05/2018 22:28:54 - root - DEBUG - 
	Self type: <class 'app.app.App'>, 
	Args: (), 
	Kwargs: {}
14/05/2018 22:28:54 - root - INFO - Called function: get_config
14/05/2018 22:28:54 - root - DEBUG - 
	Self type: <class 'app.database.db.DataBase'>, 
	Args: (), 
	Kwargs: {}
14/05/2018 22:28:54 - root - DEBUG - get_config returned: <app.database.db.DBConfig object at 0xb715e74c>
14/05/2018 22:28:54 - root - DEBUG - get_projects_info returned: <app.database.db.DBConfig object at 0xb715e74c>
14/05/2018 22:28:54 - root - INFO - App is about to finish
14/05/2018 22:28:59 - root - INFO - App started
14/05/2018 22:28:59 - root - INFO - Called function: load_uprs
14/05/2018 22:28:59 - root - DEBUG - 
	Self type: <class 'app.database.db.DataBase'>, 
	Args: (), 
	Kwargs: {}
14/05/2018 22:28:59 - root - DEBUG - load_uprs returned: <app.model.uprscollection.UPRSCollection object at 0xb720fc2c>
14/05/2018 22:28:59 - root - INFO - Called function: load
14/05/2018 22:28:59 - root - DEBUG - 
	Self type: <class 'app.database.db.DataBase'>, 
	Args: (), 
	Kwargs: {}
14/05/2018 22:28:59 - root - DEBUG - load returned: <app.model.projectcontainer.ProjectContainer object at 0xb720fd0c>
14/05/2018 22:28:59 - root - INFO - Called function: get_project
14/05/2018 22:28:59 - root - DEBUG - 
	Self type: <class 'app.app.App'>, 
	Args: (), 
	Kwargs: {}
14/05/2018 22:28:59 - root - DEBUG - get_project returned: <app.model.project.Project object at 0xb713272c>
14/05/2018 22:28:59 - root - INFO - App is about to finish
14/05/2018 22:46:42 - root - INFO - App started
14/05/2018 22:46:42 - root - INFO - Called function: load_user
14/05/2018 22:46:42 - root - INFO - Called function: load_uprs
14/05/2018 22:46:42 - root - INFO - Called function: load
14/05/2018 22:46:42 - root - INFO - Called function: get_project
14/05/2018 22:46:42 - root - ERROR - Not chosen: user
14/05/2018 22:46:42 - root - INFO - App is about to finish
14/05/2018 22:46:52 - root - INFO - App started
14/05/2018 22:46:52 - root - INFO - Called function: load_user
14/05/2018 22:46:52 - root - INFO - Called function: load_uprs
14/05/2018 22:46:52 - root - INFO - Called function: load
14/05/2018 22:46:52 - root - INFO - Called function: add_user
14/05/2018 22:46:52 - root - INFO - Called function: save_user
14/05/2018 22:46:52 - root - INFO - Called function: save_config
14/05/2018 22:46:52 - root - INFO - App is about to finish
14/05/2018 22:49:39 - root - INFO - App started
14/05/2018 22:49:39 - root - INFO - Called function: load_user
14/05/2018 22:49:39 - root - INFO - Called function: load_uprs
14/05/2018 22:49:39 - root - INFO - Called function: load
14/05/2018 22:49:39 - root - INFO - Called function: change_user
14/05/2018 22:49:39 - root - INFO - Called function: load_user
14/05/2018 22:49:39 - root - ERROR - 'str' object has no attribute 'unique_id'
14/05/2018 22:49:39 - root - ERROR - 'str' object has no attribute 'unique_id'
14/05/2018 22:49:39 - root - INFO - App is about to finish
14/05/2018 22:50:15 - root - INFO - App started
14/05/2018 22:50:15 - root - INFO - Called function: load_user
14/05/2018 22:50:15 - root - INFO - Called function: load_uprs
14/05/2018 22:50:15 - root - INFO - Called function: load
14/05/2018 22:50:15 - root - INFO - Called function: change_user
14/05/2018 22:50:15 - root - INFO - Called function: load_user
14/05/2018 22:50:15 - root - INFO - App is about to finish
14/05/2018 22:50:55 - root - INFO - App started
14/05/2018 22:50:55 - root - INFO - Called function: load_user
14/05/2018 22:50:55 - root - INFO - Called function: load_uprs
14/05/2018 22:50:55 - root - INFO - Called function: load
14/05/2018 22:50:55 - root - INFO - Called function: change_user
14/05/2018 22:50:55 - root - INFO - Called function: load_user
14/05/2018 22:50:55 - root - INFO - Called function: save_config
14/05/2018 22:50:55 - root - INFO - App is about to finish
14/05/2018 22:51:23 - root - INFO - App started
14/05/2018 22:51:23 - root - INFO - Called function: load_user
14/05/2018 22:51:23 - root - INFO - Called function: save_config
14/05/2018 22:51:23 - root - INFO - Called function: load_uprs
14/05/2018 22:51:23 - root - INFO - Called function: load
14/05/2018 22:51:23 - root - INFO - Called function: add_project
14/05/2018 22:51:23 - root - INFO - Called function: save
14/05/2018 22:51:23 - root - INFO - Called function: save_config
14/05/2018 22:51:23 - root - INFO - Called function: save_uprs
14/05/2018 22:51:23 - root - ERROR - Object of type 'UserProjectRelation' is not JSON serializable
14/05/2018 22:51:23 - root - ERROR - Object of type 'UserProjectRelation' is not JSON serializable
14/05/2018 22:51:23 - root - INFO - App is about to finish
14/05/2018 22:52:00 - root - INFO - App started
14/05/2018 22:52:00 - root - INFO - Called function: load_user
14/05/2018 22:52:00 - root - DEBUG - 
	Self type: <class 'app.database.db.DataBase'>, 
	Args: (), 
	Kwargs: {}
14/05/2018 22:52:00 - root - INFO - Called function: save_config
14/05/2018 22:52:00 - root - DEBUG - 
	Self type: <class 'app.database.db.DataBase'>, 
	Args: (), 
	Kwargs: {}
14/05/2018 22:52:00 - root - DEBUG - save_config returned: None
14/05/2018 22:52:00 - root - DEBUG - load_user returned: <app.model.user.User object at 0xb71b6f0c>
14/05/2018 22:52:00 - root - INFO - Called function: load_uprs
14/05/2018 22:52:00 - root - DEBUG - 
	Self type: <class 'app.database.db.DataBase'>, 
	Args: (), 
	Kwargs: {}
14/05/2018 22:52:00 - root - ERROR - Expecting value: line 3 column 9 (char 24)
14/05/2018 22:52:00 - root - INFO - App is about to finish
14/05/2018 22:52:07 - root - INFO - App started
14/05/2018 22:52:07 - root - INFO - Called function: load_user
14/05/2018 22:52:07 - root - DEBUG - 
	Self type: <class 'app.database.db.DataBase'>, 
	Args: (), 
	Kwargs: {}
14/05/2018 22:52:07 - root - INFO - Called function: save_config
14/05/2018 22:52:07 - root - DEBUG - 
	Self type: <class 'app.database.db.DataBase'>, 
	Args: (), 
	Kwargs: {}
14/05/2018 22:52:07 - root - DEBUG - save_config returned: None
14/05/2018 22:52:07 - root - DEBUG - load_user returned: <app.model.user.User object at 0xb721af0c>
14/05/2018 22:52:07 - root - INFO - Called function: load_uprs
14/05/2018 22:52:07 - root - DEBUG - 
	Self type: <class 'app.database.db.DataBase'>, 
	Args: (), 
	Kwargs: {}
14/05/2018 22:52:07 - root - ERROR - Expecting value: line 3 column 9 (char 24)
14/05/2018 22:52:07 - root - INFO - App is about to finish
14/05/2018 22:55:35 - root - INFO - App started
14/05/2018 22:55:35 - root - INFO - Called function: load_user
14/05/2018 22:55:35 - root - DEBUG - 
	Self type: <class 'app.database.db.DataBase'>, 
	Args: (), 
	Kwargs: {}
14/05/2018 22:55:35 - root - INFO - Called function: save_config
14/05/2018 22:55:35 - root - DEBUG - 
	Self type: <class 'app.database.db.DataBase'>, 
	Args: (), 
	Kwargs: {}
14/05/2018 22:55:35 - root - DEBUG - save_config returned: None
14/05/2018 22:55:35 - root - DEBUG - load_user returned: <app.model.user.User object at 0xb724bfcc>
14/05/2018 22:55:35 - root - INFO - Called function: load_uprs
14/05/2018 22:55:35 - root - DEBUG - 
	Self type: <class 'app.database.db.DataBase'>, 
	Args: (), 
	Kwargs: {}
14/05/2018 22:55:35 - root - DEBUG - load_uprs returned: <app.model.uprscollection.UPRSCollection object at 0xb724bfec>
14/05/2018 22:55:35 - root - INFO - Called function: load
14/05/2018 22:55:35 - root - DEBUG - 
	Self type: <class 'app.database.db.DataBase'>, 
	Args: (), 
	Kwargs: {}
14/05/2018 22:55:35 - root - DEBUG - load returned: <app.model.projectcontainer.ProjectContainer object at 0xb725716c>
14/05/2018 22:55:35 - root - INFO - Called function: add_project
14/05/2018 22:55:35 - root - DEBUG - 
	Self type: <class 'app.app.App'>, 
	Args: ('Project by Jack',), 
	Kwargs: {}
14/05/2018 22:55:35 - root - INFO - Called function: save
14/05/2018 22:55:35 - root - DEBUG - 
	Self type: <class 'app.database.db.DataBase'>, 
	Args: (<app.model.projectcontainer.ProjectContainer object at 0xb716ec8c>,), 
	Kwargs: {}
14/05/2018 22:55:35 - root - INFO - Called function: save_config
14/05/2018 22:55:35 - root - DEBUG - 
	Self type: <class 'app.database.db.DataBase'>, 
	Args: (), 
	Kwargs: {}
14/05/2018 22:55:35 - root - DEBUG - save_config returned: None
14/05/2018 22:55:35 - root - DEBUG - save returned: None
14/05/2018 22:55:35 - root - INFO - Called function: save_uprs
14/05/2018 22:55:35 - root - DEBUG - 
	Self type: <class 'app.database.db.DataBase'>, 
	Args: (<app.model.uprscollection.UPRSCollection object at 0xb724bfec>,), 
	Kwargs: {}
14/05/2018 22:55:35 - root - DEBUG - save_uprs returned: None
14/05/2018 22:55:35 - root - DEBUG - add_project returned: None
14/05/2018 22:55:35 - root - INFO - App is about to finish
