07/06/2018 19:22:17 - root - INFO - App started
07/06/2018 19:22:17 - database.db - INFO - Called function: load_user
07/06/2018 19:22:17 - database.db - INFO - Called function: save_db_info
07/06/2018 19:22:17 - database.db - INFO - Called function: load_uprs
07/06/2018 19:22:17 - database.db - INFO - Called function: load
07/06/2018 19:22:17 - comand_line_interface.app.app - INFO - Called function: get_tasks
07/06/2018 19:22:17 - database.db - INFO - Called function: get_plans
07/06/2018 19:22:17 - database.db - INFO - Called function: get_task_list_by_id
07/06/2018 19:22:17 - database.db - INFO - Called function: add_task
07/06/2018 19:22:17 - database.db - INFO - Called function: get_task_list_by_id
07/06/2018 19:22:17 - database.db - INFO - Called function: save
07/06/2018 19:22:17 - database.db - INFO - Called function: save_db_info
07/06/2018 19:22:17 - database.db - INFO - Called function: add_task
07/06/2018 19:22:17 - database.db - INFO - Called function: get_task_list_by_id
07/06/2018 19:22:17 - database.db - INFO - Called function: save
07/06/2018 19:22:17 - database.db - INFO - Called function: save_db_info
07/06/2018 19:22:17 - database.db - INFO - Called function: get_task_list_by_id
07/06/2018 19:22:17 - database.db - INFO - Called function: get_tasks
07/06/2018 19:22:17 - root - INFO - App is about to finish
07/06/2018 19:30:47 - root - INFO - App started
07/06/2018 19:30:47 - database.db - INFO - Called function: load_user
07/06/2018 19:30:47 - database.db - INFO - Called function: save_db_info
07/06/2018 19:30:47 - database.db - INFO - Called function: load_uprs
07/06/2018 19:30:47 - database.db - INFO - Called function: load
07/06/2018 19:30:47 - comand_line_interface.app.app - INFO - Called function: get_tasks
07/06/2018 19:30:47 - database.db - INFO - Called function: get_plans
07/06/2018 19:30:47 - database.db - INFO - Called function: get_task_list_by_id
07/06/2018 19:30:47 - database.db - INFO - Called function: get_task_list_by_id
07/06/2018 19:30:47 - database.db - INFO - Called function: get_tasks
07/06/2018 19:30:47 - root - INFO - App is about to finish
07/06/2018 19:31:27 - root - INFO - App started
07/06/2018 19:31:27 - database.db - INFO - Called function: load_user
07/06/2018 19:31:27 - database.db - INFO - Called function: save_db_info
07/06/2018 19:31:27 - database.db - INFO - Called function: load_uprs
07/06/2018 19:31:27 - database.db - INFO - Called function: load
07/06/2018 19:31:27 - comand_line_interface.app.app - INFO - Called function: get_tasks
07/06/2018 19:31:27 - database.db - INFO - Called function: get_plans
07/06/2018 19:31:27 - database.db - INFO - Called function: get_task_list_by_id
07/06/2018 19:31:27 - database.db - INFO - Called function: get_task_list_by_id
07/06/2018 19:31:27 - database.db - INFO - Called function: get_tasks
07/06/2018 19:31:27 - root - INFO - App is about to finish
07/06/2018 19:32:23 - root - INFO - App started
07/06/2018 19:32:23 - database.db - INFO - Called function: load_user
07/06/2018 19:32:23 - database.db - INFO - Called function: save_db_info
07/06/2018 19:32:23 - database.db - INFO - Called function: load_uprs
07/06/2018 19:32:23 - database.db - INFO - Called function: load
07/06/2018 19:32:23 - root - INFO - App is about to finish
07/06/2018 19:32:32 - root - INFO - App started
07/06/2018 19:32:32 - database.db - INFO - Called function: load_user
07/06/2018 19:32:32 - database.db - INFO - Called function: save_db_info
07/06/2018 19:32:32 - database.db - INFO - Called function: load_uprs
07/06/2018 19:32:32 - database.db - INFO - Called function: load
07/06/2018 19:32:32 - comand_line_interface.app.app - INFO - Called function: get_task_lists
07/06/2018 19:32:32 - database.db - INFO - Called function: get_task_lists
07/06/2018 19:32:32 - comand_line_interface.app.app - INFO - Called function: get_tasks
07/06/2018 19:32:32 - database.db - INFO - Called function: get_plans
07/06/2018 19:32:32 - database.db - INFO - Called function: get_task_list_by_id
07/06/2018 19:32:32 - database.db - INFO - Called function: get_task_list_by_id
07/06/2018 19:32:32 - database.db - INFO - Called function: get_tasks
07/06/2018 19:32:32 - database.db - INFO - Called function: get_task_list_by_id
07/06/2018 19:32:32 - root - INFO - App is about to finish
07/06/2018 19:33:18 - root - INFO - App started
07/06/2018 19:33:18 - adastra_library - INFO - Called function: load_user
07/06/2018 19:33:18 - adastra_library - INFO - Called function: save_db_info
07/06/2018 19:33:18 - adastra_library - INFO - Called function: load_uprs
07/06/2018 19:33:18 - adastra_library - INFO - Called function: load
07/06/2018 19:33:18 - comand_line_interface.app.app - INFO - Called function: get_task_lists
07/06/2018 19:33:18 - adastra_library - INFO - Called function: get_task_lists
07/06/2018 19:33:18 - comand_line_interface.app.app - INFO - Called function: get_tasks
07/06/2018 19:33:18 - adastra_library - INFO - Called function: get_plans
07/06/2018 19:33:18 - adastra_library - INFO - Called function: get_task_list_by_id
07/06/2018 19:33:18 - adastra_library - INFO - Called function: get_task_list_by_id
07/06/2018 19:33:18 - adastra_library - INFO - Called function: get_tasks
07/06/2018 19:33:18 - adastra_library - INFO - Called function: get_task_list_by_id
07/06/2018 19:33:18 - root - INFO - App is about to finish
07/06/2018 19:39:02 - root - INFO - App started
07/06/2018 19:39:02 - adastra_library - INFO - Called function: load_user
07/06/2018 19:39:02 - adastra_library - INFO - Called function: save_db_info
07/06/2018 19:39:02 - adastra_library - INFO - Called function: load_uprs
07/06/2018 19:39:02 - adastra_library - INFO - Called function: load
07/06/2018 19:39:02 - adastra_library - INFO - Called function: load
07/06/2018 19:39:02 - comand_line_interface.app.app - INFO - Called function: get_task_lists
07/06/2018 19:39:02 - adastra_library - INFO - Called function: get_task_lists
07/06/2018 19:39:02 - adastra_library - INFO - Called function: get_task_lists
07/06/2018 19:39:02 - comand_line_interface.app.app - INFO - Called function: get_tasks
07/06/2018 19:39:02 - adastra_library - INFO - Called function: get_tasks
07/06/2018 19:39:02 - adastra_library - INFO - Called function: get_plans
07/06/2018 19:39:02 - adastra_library - INFO - Called function: get_task_list_by_id
07/06/2018 19:39:02 - adastra_library - INFO - Called function: get_task_list_by_id
07/06/2018 19:39:02 - adastra_library - INFO - Called function: get_tasks
07/06/2018 19:39:02 - adastra_library - INFO - Called function: get_task_list_by_id
07/06/2018 19:39:02 - root - INFO - App is about to finish
07/06/2018 19:39:38 - root - INFO - App started
07/06/2018 19:39:38 - adastra_library - INFO - Called function: load_user
07/06/2018 19:39:38 - adastra_library - INFO - Called function: save_db_info
07/06/2018 19:39:38 - adastra_library - INFO - Called function: load_uprs
07/06/2018 19:39:38 - adastra_library - INFO - Called function: load
07/06/2018 19:39:38 - adastra_library - INFO - Called function: load
07/06/2018 19:39:38 - comand_line_interface.app.app - INFO - Called function: add_list
07/06/2018 19:39:38 - adastra_library - INFO - Called function: add_list
07/06/2018 19:39:38 - adastra_library - INFO - Called function: add_list
07/06/2018 19:39:38 - adastra_library - INFO - Called function: save
07/06/2018 19:39:38 - adastra_library - INFO - Called function: save_db_info
07/06/2018 19:39:38 - root - INFO - App is about to finish
07/06/2018 19:39:53 - root - INFO - App started
07/06/2018 19:39:53 - adastra_library - INFO - Called function: load_user
07/06/2018 19:39:53 - adastra_library - INFO - Called function: save_db_info
07/06/2018 19:39:53 - adastra_library - INFO - Called function: load_uprs
07/06/2018 19:39:53 - adastra_library - INFO - Called function: load
07/06/2018 19:39:53 - adastra_library - INFO - Called function: load
07/06/2018 19:39:53 - comand_line_interface.app.app - INFO - Called function: get_task_lists
07/06/2018 19:39:53 - adastra_library - INFO - Called function: get_task_lists
07/06/2018 19:39:53 - adastra_library - INFO - Called function: get_task_lists
07/06/2018 19:39:53 - comand_line_interface.app.app - INFO - Called function: get_tasks
07/06/2018 19:39:53 - adastra_library - INFO - Called function: get_tasks
07/06/2018 19:39:53 - adastra_library - INFO - Called function: get_plans
07/06/2018 19:39:53 - adastra_library - INFO - Called function: get_task_list_by_id
07/06/2018 19:39:53 - adastra_library - INFO - Called function: get_task_list_by_id
07/06/2018 19:39:53 - adastra_library - INFO - Called function: get_tasks
07/06/2018 19:39:53 - adastra_library - INFO - Called function: get_task_list_by_id
07/06/2018 19:39:53 - comand_line_interface.app.app - INFO - Called function: get_tasks
07/06/2018 19:39:53 - adastra_library - INFO - Called function: get_tasks
07/06/2018 19:39:53 - adastra_library - INFO - Called function: get_plans
07/06/2018 19:39:53 - adastra_library - INFO - Called function: get_task_list_by_id
07/06/2018 19:39:53 - adastra_library - INFO - Called function: get_task_list_by_id
07/06/2018 19:39:53 - adastra_library - INFO - Called function: get_tasks
07/06/2018 19:39:53 - adastra_library - INFO - Called function: get_task_list_by_id
07/06/2018 19:39:53 - root - INFO - App is about to finish
07/06/2018 19:40:22 - root - INFO - App started
07/06/2018 19:40:22 - adastra_library - INFO - Called function: load_user
07/06/2018 19:40:22 - adastra_library - INFO - Called function: save_db_info
07/06/2018 19:40:22 - adastra_library - INFO - Called function: load_uprs
07/06/2018 19:40:22 - adastra_library - INFO - Called function: load
07/06/2018 19:40:22 - adastra_library - INFO - Called function: load
07/06/2018 19:40:22 - comand_line_interface.app.app - INFO - Called function: add_task
07/06/2018 19:40:22 - adastra_library - INFO - Called function: add_task
07/06/2018 19:40:22 - adastra_library - INFO - Called function: add_task
07/06/2018 19:40:22 - adastra_library - INFO - Called function: get_task_list_by_id
07/06/2018 19:40:22 - adastra_library - INFO - Called function: save
07/06/2018 19:40:22 - adastra_library - INFO - Called function: save_db_info
07/06/2018 19:40:22 - root - INFO - App is about to finish
07/06/2018 19:40:29 - root - INFO - App started
07/06/2018 19:40:29 - adastra_library - INFO - Called function: load_user
07/06/2018 19:40:29 - adastra_library - INFO - Called function: save_db_info
07/06/2018 19:40:29 - adastra_library - INFO - Called function: load_uprs
07/06/2018 19:40:29 - adastra_library - INFO - Called function: load
07/06/2018 19:40:29 - adastra_library - INFO - Called function: load
07/06/2018 19:40:29 - comand_line_interface.app.app - INFO - Called function: get_tasks
07/06/2018 19:40:29 - adastra_library - INFO - Called function: get_tasks
07/06/2018 19:40:29 - adastra_library - INFO - Called function: get_plans
07/06/2018 19:40:29 - adastra_library - INFO - Called function: get_task_list_by_id
07/06/2018 19:40:29 - adastra_library - INFO - Called function: get_task_list_by_id
07/06/2018 19:40:29 - adastra_library - INFO - Called function: get_tasks
07/06/2018 19:40:29 - root - INFO - App is about to finish
07/06/2018 19:40:40 - root - INFO - App started
07/06/2018 19:40:40 - adastra_library - INFO - Called function: load_user
07/06/2018 19:40:40 - adastra_library - INFO - Called function: save_db_info
07/06/2018 19:40:40 - adastra_library - INFO - Called function: load_uprs
07/06/2018 19:40:40 - adastra_library - INFO - Called function: load
07/06/2018 19:40:40 - adastra_library - INFO - Called function: load
07/06/2018 19:40:40 - comand_line_interface.app.app - INFO - Called function: get_task_lists
07/06/2018 19:40:40 - adastra_library - INFO - Called function: get_task_lists
07/06/2018 19:40:40 - adastra_library - INFO - Called function: get_task_lists
07/06/2018 19:40:40 - root - INFO - App is about to finish
07/06/2018 19:42:26 - root - INFO - App started
07/06/2018 19:42:26 - adastra_library - INFO - Called function: load_user
07/06/2018 19:42:26 - adastra_library - INFO - Called function: save_db_info
07/06/2018 19:42:26 - adastra_library - INFO - Called function: load_uprs
07/06/2018 19:42:26 - adastra_library - INFO - Called function: load
07/06/2018 19:42:26 - adastra_library - INFO - Called function: load
07/06/2018 19:42:26 - comand_line_interface.app.app - INFO - Called function: get_task_lists
07/06/2018 19:42:26 - adastra_library - INFO - Called function: get_task_lists
07/06/2018 19:42:26 - adastra_library - INFO - Called function: get_task_lists
07/06/2018 19:42:26 - comand_line_interface.app.app - INFO - Called function: get_tasks
07/06/2018 19:42:26 - adastra_library - INFO - Called function: get_tasks
07/06/2018 19:42:26 - adastra_library - INFO - Called function: get_plans
07/06/2018 19:42:26 - adastra_library - INFO - Called function: get_task_list_by_id
07/06/2018 19:42:26 - adastra_library - INFO - Called function: get_task_list_by_id
07/06/2018 19:42:26 - adastra_library - INFO - Called function: get_tasks
07/06/2018 19:42:26 - adastra_library - INFO - Called function: get_task_list_by_id
07/06/2018 19:42:26 - root - INFO - App is about to finish
07/06/2018 19:43:43 - root - INFO - App started
07/06/2018 19:43:43 - adastra_library - INFO - Called function: load_user
07/06/2018 19:43:43 - adastra_library - INFO - Called function: save_db_info
07/06/2018 19:43:43 - adastra_library - INFO - Called function: load_uprs
07/06/2018 19:43:43 - adastra_library - INFO - Called function: load
07/06/2018 19:43:43 - adastra_library - INFO - Called function: load
07/06/2018 19:43:43 - comand_line_interface.app.app - INFO - Called function: get_task_lists
07/06/2018 19:43:43 - adastra_library - INFO - Called function: get_task_lists
07/06/2018 19:43:43 - adastra_library - INFO - Called function: get_task_lists
07/06/2018 19:43:43 - comand_line_interface.app.app - INFO - Called function: get_tasks
07/06/2018 19:43:43 - adastra_library - INFO - Called function: get_tasks
07/06/2018 19:43:43 - adastra_library - INFO - Called function: get_plans
07/06/2018 19:43:43 - adastra_library - INFO - Called function: get_task_list_by_id
07/06/2018 19:43:43 - adastra_library - INFO - Called function: get_task_list_by_id
07/06/2018 19:43:43 - adastra_library - INFO - Called function: get_tasks
07/06/2018 19:43:43 - adastra_library - INFO - Called function: get_task_list_by_id
07/06/2018 19:43:43 - root - INFO - App is about to finish
